<?xml version="1.0" encoding="UTF-8"?>
<testng-results skipped="0" failed="0" total="1" passed="1">
  <reporter-output>
  </reporter-output>
  <suite name="Default suite" duration-ms="16302" started-at="2018-11-19T10:50:30Z" finished-at="2018-11-19T10:50:46Z">
    <groups>
    </groups>
    <test name="Default test" duration-ms="16302" started-at="2018-11-19T10:50:30Z" finished-at="2018-11-19T10:50:46Z">
      <class name="com.actitime.ActitimeLoginTest.LoginTest">
        <test-method status="PASS" signature="ActitimeLoginTest()[pri:0, instance:com.actitime.ActitimeLoginTest.LoginTest@7823a2f9]" name="ActitimeLoginTest" duration-ms="16265" started-at="2018-11-19T16:20:30Z" finished-at="2018-11-19T16:20:46Z">
          <reporter-output>
          </reporter-output>
        </test-method> <!-- ActitimeLoginTest -->
      </class> <!-- com.actitime.ActitimeLoginTest.LoginTest -->
    </test> <!-- Default test -->
  </suite> <!-- Default suite -->
</testng-results>
